<?xml version="1.0" encoding="UTF-8"?>
<testng-results skipped="0" failed="0" ignored="0" total="2" passed="2">
  <reporter-output>
  </reporter-output>
  <suite name="My test suite" duration-ms="418" started-at="2020-08-23T06:14:00Z" finished-at="2020-08-23T06:14:00Z">
    <groups>
    </groups>
    <test name="单元测试" duration-ms="418" started-at="2020-08-23T06:14:00Z" finished-at="2020-08-23T06:14:00Z">
      <class name="cn.springmvc.apitest.ApiTest">
        <test-method status="PASS" signature="parameterIntTest(cn.springmvc.model.TParmeters)[pri:0, instance:cn.springmvc.apitest.ApiTest@213902ac]" name="parameterIntTest" duration-ms="402" started-at="2020-08-23T06:14:00Z" data-provider="apitest" finished-at="2020-08-23T06:14:00Z">
          <params>
            <param index="0">
              <value>
                <![CDATA[TParmeters [Hash = -949066126, uid=354cb631-86e2-41f3-82ea-50fc87b2affa, loginname=test1, loginpass=test1]]]>
              </value>
            </param>
          </params>
          <reporter-output>
          </reporter-output>
        </test-method> <!-- parameterIntTest -->
        <test-method status="PASS" signature="parameterIntTest(cn.springmvc.model.TParmeters)[pri:0, instance:cn.springmvc.apitest.ApiTest@213902ac]" name="parameterIntTest" duration-ms="416" started-at="2020-08-23T06:14:00Z" data-provider="apitest" finished-at="2020-08-23T06:14:00Z">
          <params>
            <param index="0">
              <value>
                <![CDATA[TParmeters [Hash = -179062125, uid=354cb631-86e2-41f3-82ea-50fc87b2affb, loginname=abc, loginpass=abc]]]>
              </value>
            </param>
          </params>
          <reporter-output>
          </reporter-output>
        </test-method> <!-- parameterIntTest -->
      </class> <!-- cn.springmvc.apitest.ApiTest -->
    </test> <!-- 单元测试 -->
  </suite> <!-- My test suite -->
</testng-results>
